d:\mydata\documents\study\uf\courses\advanced data structures\code\programming project\programming project\x64\release\vc140.pdb
d:\mydata\documents\study\uf\courses\advanced data structures\code\programming project\programming project\x64\release\utility.obj
d:\mydata\documents\study\uf\courses\advanced data structures\code\programming project\programming project\x64\release\pairing_heap.obj
d:\mydata\documents\study\uf\courses\advanced data structures\code\programming project\programming project\x64\release\main.obj
d:\mydata\documents\study\uf\courses\advanced data structures\code\programming project\programming project\x64\release\huffman.obj
d:\mydata\documents\study\uf\courses\advanced data structures\code\programming project\programming project\x64\release\four_way_heap.obj
d:\mydata\documents\study\uf\courses\advanced data structures\code\programming project\programming project\x64\release\encoder.obj
d:\mydata\documents\study\uf\courses\advanced data structures\code\programming project\programming project\x64\release\decoder.obj
d:\mydata\documents\study\uf\courses\advanced data structures\code\programming project\programming project\x64\release\binary_heap.obj
d:\mydata\documents\study\uf\courses\advanced data structures\code\programming project\programming project\x64\release\benchmark.obj
d:\mydata\documents\study\uf\courses\advanced data structures\code\programming project\x64\release\programming project.exe
d:\mydata\documents\study\uf\courses\advanced data structures\code\programming project\x64\release\programming project.ipdb
d:\mydata\documents\study\uf\courses\advanced data structures\code\programming project\x64\release\programming project.iobj
d:\mydata\documents\study\uf\courses\advanced data structures\code\programming project\x64\release\programming project.pdb
d:\mydata\documents\study\uf\courses\advanced data structures\code\programming project\programming project\x64\release\programm.f8bae734.tlog\cl.command.1.tlog
d:\mydata\documents\study\uf\courses\advanced data structures\code\programming project\programming project\x64\release\programm.f8bae734.tlog\cl.read.1.tlog
d:\mydata\documents\study\uf\courses\advanced data structures\code\programming project\programming project\x64\release\programm.f8bae734.tlog\cl.write.1.tlog
d:\mydata\documents\study\uf\courses\advanced data structures\code\programming project\programming project\x64\release\programm.f8bae734.tlog\link.command.1.tlog
d:\mydata\documents\study\uf\courses\advanced data structures\code\programming project\programming project\x64\release\programm.f8bae734.tlog\link.read.1.tlog
d:\mydata\documents\study\uf\courses\advanced data structures\code\programming project\programming project\x64\release\programm.f8bae734.tlog\link.write.1.tlog
